<?xml version="1.0" encoding="UTF-8"?>
<Site BuildName="(empty)"
	BuildStamp="20251230-1341-Experimental"
	Name="LAPTOP-6H9OLQVL"
	Generator="ctest-3.22.1"
	CompilerName="/usr/bin/c++"
	CompilerVersion="11.4.0"
	OSName="Linux"
	Hostname="LAPTOP-6H9OLQVL"
	OSRelease="6.6.87.2-microsoft-standard-WSL2"
	OSVersion="#1 SMP PREEMPT_DYNAMIC Thu Jun  5 18:30:46 UTC 2025"
	OSPlatform="x86_64"
	Is64Bits="1"
	VendorString="GenuineIntel"
	VendorID="Intel Corporation"
	FamilyID="6"
	ModelID="140"
	ProcessorCacheSize="12288"
	NumberOfLogicalCPU="8"
	NumberOfPhysicalCPU="4"
	TotalVirtualMemory="1024"
	TotalPhysicalMemory="3738"
	LogicalProcessorsPerPhysical="2"
	ProcessorClockFrequency="2803.2"
	>
	<Testing>
		<StartDateTime>Dec 31 01:21 AEDT</StartDateTime>
		<StartTestTime>1767104511</StartTestTime>
		<TestList/>
		<EndDateTime>Dec 31 01:21 AEDT</EndDateTime>
		<EndTestTime>1767104511</EndTestTime>
		<ElapsedMinutes>0</ElapsedMinutes>
	</Testing>
</Site>
